# JRE version: Java(TM) SE Runtime Environment (8.0_31-b13) (build 1.8.0_31-b13)
# Java VM: Java HotSpot(TM) 64-Bit Server VM (25.31-b07 mixed mode linux-amd64 compressed oops)
Heap:
 PSYoungGen      total 1929728K, used 0K [0x0000000715580000, 0x00000007c0000000, 0x00000007c0000000)
  eden space 1361408K, 0% used [0x0000000715580000,0x0000000715580000,0x0000000768700000)
  from space 568320K, 0% used [0x000000079d500000,0x000000079d500000,0x00000007c0000000)
  to   space 717312K, 0% used [0x0000000768700000,0x0000000768700000,0x0000000794380000)
 ParOldGen       total 4139520K, used 4129773K [0x00000005c0000000, 0x00000006bca80000, 0x0000000715580000)
  object space 4139520K, 99% used [0x00000005c0000000,0x00000006bc0fb6c8,0x00000006bca80000)
 Metaspace       used 14814K, capacity 14972K, committed 15232K, reserved 1062912K
  class space    used 1828K, capacity 1879K, committed 1920K, reserved 1048576K
GC Heap History (10 events):
Event: 55,421 GC heap after
Heap after GC invocations=12 (full 3):
 PSYoungGen      total 2340864K, used 442508K [0x0000000715580000, 0x00000007c0000000, 0x00000007c0000000)
  eden space 1895424K, 0% used [0x0000000715580000,0x0000000715580000,0x0000000789080000)
  from space 445440K, 99% used [0x0000000789080000,0x00000007a40a3038,0x00000007a4380000)
  to   space 455168K, 0% used [0x00000007a4380000,0x00000007a4380000,0x00000007c0000000)
 ParOldGen       total 2836992K, used 1850406K [0x00000005c0000000, 0x000000066d280000, 0x0000000715580000)
  object space 2836992K, 65% used [0x00000005c0000000,0x0000000630f099a8,0x000000066d280000)
 Metaspace       used 14814K, capacity 14972K, committed 15232K, reserved 1062912K
  class space    used 1828K, capacity 1879K, committed 1920K, reserved 1048576K
}
Event: 57,739 GC heap before
{Heap before GC invocations=13 (full 3):
 PSYoungGen      total 2340864K, used 2337932K [0x0000000715580000, 0x00000007c0000000, 0x00000007c0000000)
  eden space 1895424K, 100% used [0x0000000715580000,0x0000000789080000,0x0000000789080000)
  from space 445440K, 99% used [0x0000000789080000,0x00000007a40a3038,0x00000007a4380000)
  to   space 455168K, 0% used [0x00000007a4380000,0x00000007a4380000,0x00000007c0000000)
 ParOldGen       total 2836992K, used 1850406K [0x00000005c0000000, 0x000000066d280000, 0x0000000715580000)
  object space 2836992K, 65% used [0x00000005c0000000,0x0000000630f099a8,0x000000066d280000)
 Metaspace       used 14814K, capacity 14972K, committed 15232K, reserved 1062912K
  class space    used 1828K, capacity 1879K, committed 1920K, reserved 1048576K
Event: 58,046 GC heap after
Heap after GC invocations=13 (full 3):
 PSYoungGen      total 2115584K, used 455018K [0x0000000715580000, 0x00000007c0000000, 0x00000007c0000000)
  eden space 1660416K, 0% used [0x0000000715580000,0x0000000715580000,0x000000077ab00000)
  from space 455168K, 99% used [0x00000007a4380000,0x00000007bffda8d0,0x00000007c0000000)
  to   space 567808K, 0% used [0x000000077ab00000,0x000000077ab00000,0x000000079d580000)
 ParOldGen       total 2836992K, used 2656640K [0x00000005c0000000, 0x000000066d280000, 0x0000000715580000)
  object space 2836992K, 93% used [0x00000005c0000000,0x0000000662260360,0x000000066d280000)
 Metaspace       used 14814K, capacity 14972K, committed 15232K, reserved 1062912K
  class space    used 1828K, capacity 1879K, committed 1920K, reserved 1048576K
}
Event: 58,046 GC heap before
{Heap before GC invocations=14 (full 4):
 PSYoungGen      total 2115584K, used 455018K [0x0000000715580000, 0x00000007c0000000, 0x00000007c0000000)
  eden space 1660416K, 0% used [0x0000000715580000,0x0000000715580000,0x000000077ab00000)
  from space 455168K, 99% used [0x00000007a4380000,0x00000007bffda8d0,0x00000007c0000000)
  to   space 567808K, 0% used [0x000000077ab00000,0x000000077ab00000,0x000000079d580000)
 ParOldGen       total 2836992K, used 2656640K [0x00000005c0000000, 0x000000066d280000, 0x0000000715580000)
  object space 2836992K, 93% used [0x00000005c0000000,0x0000000662260360,0x000000066d280000)
 Metaspace       used 14814K, capacity 14972K, committed 15232K, reserved 1062912K
  class space    used 1828K, capacity 1879K, committed 1920K, reserved 1048576K
Event: 58,325 GC heap after
Heap after GC invocations=14 (full 4):
 PSYoungGen      total 2115584K, used 273381K [0x0000000715580000, 0x00000007c0000000, 0x00000007c0000000)
  eden space 1660416K, 0% used [0x0000000715580000,0x0000000715580000,0x000000077ab00000)
  from space 455168K, 60% used [0x00000007a4380000,0x00000007b4e79580,0x00000007c0000000)
  to   space 567808K, 0% used [0x000000077ab00000,0x000000077ab00000,0x000000079d580000)
 ParOldGen       total 4139520K, used 2835526K [0x00000005c0000000, 0x00000006bca80000, 0x0000000715580000)
  object space 4139520K, 68% used [0x00000005c0000000,0x000000066d111ad0,0x00000006bca80000)
 Metaspace       used 14814K, capacity 14972K, committed 15232K, reserved 1062912K
  class space    used 1828K, capacity 1879K, committed 1920K, reserved 1048576K
}
Event: 61,178 GC heap before
{Heap before GC invocations=15 (full 4):
 PSYoungGen      total 2115584K, used 1926149K [0x0000000715580000, 0x00000007c0000000, 0x00000007c0000000)
  eden space 1660416K, 99% used [0x0000000715580000,0x000000077a388130,0x000000077ab00000)
  from space 455168K, 60% used [0x00000007a4380000,0x00000007b4e79580,0x00000007c0000000)
  to   space 567808K, 0% used [0x000000077ab00000,0x000000077ab00000,0x000000079d580000)
 ParOldGen       total 4139520K, used 2835526K [0x00000005c0000000, 0x00000006bca80000, 0x0000000715580000)
  object space 4139520K, 68% used [0x00000005c0000000,0x000000066d111ad0,0x00000006bca80000)
 Metaspace       used 14814K, capacity 14972K, committed 15232K, reserved 1062912K
  class space    used 1828K, capacity 1879K, committed 1920K, reserved 1048576K
Event: 61,319 GC heap after
Heap after GC invocations=15 (full 4):
 PSYoungGen      total 2227712K, used 567205K [0x0000000715580000, 0x00000007c0000000, 0x00000007c0000000)
  eden space 1660416K, 0% used [0x0000000715580000,0x0000000715580000,0x000000077ab00000)
  from space 567296K, 99% used [0x000000077ab00000,0x000000079d4e9460,0x000000079d500000)
  to   space 568320K, 0% used [0x000000079d500000,0x000000079d500000,0x00000007c0000000)
 ParOldGen       total 4139520K, used 3199213K [0x00000005c0000000, 0x00000006bca80000, 0x0000000715580000)
  object space 4139520K, 77% used [0x00000005c0000000,0x000000068343b740,0x00000006bca80000)
 Metaspace       used 14814K, capacity 14972K, committed 15232K, reserved 1062912K
  class space    used 1828K, capacity 1879K, committed 1920K, reserved 1048576K
}
Event: 63,264 GC heap before
{Heap before GC invocations=16 (full 4):
 PSYoungGen      total 2227712K, used 2226646K [0x0000000715580000, 0x00000007c0000000, 0x00000007c0000000)
  eden space 1660416K, 99% used [0x0000000715580000,0x000000077aa0c5d0,0x000000077ab00000)
  from space 567296K, 99% used [0x000000077ab00000,0x000000079d4e9460,0x000000079d500000)
  to   space 568320K, 0% used [0x000000079d500000,0x000000079d500000,0x00000007c0000000)
 ParOldGen       total 4139520K, used 3199213K [0x00000005c0000000, 0x00000006bca80000, 0x0000000715580000)
  object space 4139520K, 77% used [0x00000005c0000000,0x000000068343b740,0x00000006bca80000)
 Metaspace       used 14814K, capacity 14972K, committed 15232K, reserved 1062912K
  class space    used 1828K, capacity 1879K, committed 1920K, reserved 1048576K
Event: 63,641 GC heap after
Heap after GC invocations=16 (full 4):
 PSYoungGen      total 1929728K, used 566797K [0x0000000715580000, 0x00000007c0000000, 0x00000007c0000000)
  eden space 1361408K, 0% used [0x0000000715580000,0x0000000715580000,0x0000000768700000)
  from space 568320K, 99% used [0x000000079d500000,0x00000007bfe83478,0x00000007c0000000)
  to   space 717312K, 0% used [0x0000000768700000,0x0000000768700000,0x0000000794380000)
 ParOldGen       total 4139520K, used 3914368K [0x00000005c0000000, 0x00000006bca80000, 0x0000000715580000)
  object space 4139520K, 94% used [0x00000005c0000000,0x00000006aeea03e8,0x00000006bca80000)
 Metaspace       used 14814K, capacity 14972K, committed 15232K, reserved 1062912K
  class space    used 1828K, capacity 1879K, committed 1920K, reserved 1048576K
}
Event: 63,641 GC heap before
{Heap before GC invocations=17 (full 5):
 PSYoungGen      total 1929728K, used 566797K [0x0000000715580000, 0x00000007c0000000, 0x00000007c0000000)
  eden space 1361408K, 0% used [0x0000000715580000,0x0000000715580000,0x0000000768700000)
  from space 568320K, 99% used [0x000000079d500000,0x00000007bfe83478,0x00000007c0000000)
  to   space 717312K, 0% used [0x0000000768700000,0x0000000768700000,0x0000000794380000)
 ParOldGen       total 4139520K, used 3914368K [0x00000005c0000000, 0x00000006bca80000, 0x0000000715580000)
  object space 4139520K, 94% used [0x00000005c0000000,0x00000006aeea03e8,0x00000006bca80000)
 Metaspace       used 14814K, capacity 14972K, committed 15232K, reserved 1062912K
  class space    used 1828K, capacity 1879K, committed 1920K, reserved 1048576K

